<?xml version="1.0" encoding="UTF-8"?>
<!-- Generated by org.testng.reporters.JUnitReportReporter -->
<testsuite hostname="CDC2-D-6KYHH92" name="Jenkins.TestScript" tests="1" failures="0" timestamp="25 Jul 2019 08:48:59 GMT" time="37.035" errors="0">
  <testcase name="f" time="37.035" classname="Jenkins.TestScript"/>
</testsuite> <!-- Jenkins.TestScript -->
